<?xml version="1.0" encoding="UTF-8"?>
<testsuite xmlns:xsi="http://www.w3.org/2001/XMLSchema-instance" xsi:noNamespaceSchemaLocation="https://maven.apache.org/surefire/maven-surefire-plugin/xsd/surefire-test-report-3.0.xsd" version="3.0" name="mx.unam.ciencias.edd.test.TestArbolAVL" time="0.029" tests="8" errors="0" skipped="0" failures="0">
  <properties>
[...]
</properties>
  <testcase name="testElimina" classname="mx.unam.ciencias.edd.test.TestArbolAVL" time="0.0"/>
  <testcase name="testToString" classname="mx.unam.ciencias.edd.test.TestArbolAVL" time="0.009"/>
  <testcase name="testGiraDerecha" classname="mx.unam.ciencias.edd.test.TestArbolAVL" time="0.0"/>
  <testcase name="testAgrega" classname="mx.unam.ciencias.edd.test.TestArbolAVL" time="0.003"/>
  <testcase name="testEquals" classname="mx.unam.ciencias.edd.test.TestArbolAVL" time="0.002"/>
  <testcase name="testGiraIzquierda" classname="mx.unam.ciencias.edd.test.TestArbolAVL" time="0.003"/>
  <testcase name="testConstructorColeccion" classname="mx.unam.ciencias.edd.test.TestArbolAVL" time="0.002"/>
  <testcase name="testConstructor" classname="mx.unam.ciencias.edd.test.TestArbolAVL" time="0.001"/>
</testsuite>