<?xml version="1.0" encoding="UTF-8"?>
<testsuite xmlns:xsi="http://www.w3.org/2001/XMLSchema-instance" xsi:noNamespaceSchemaLocation="https://maven.apache.org/surefire/maven-surefire-plugin/xsd/surefire-test-report-3.0.xsd" version="3.0" name="mx.unam.ciencias.edd.test.TestArreglos" time="0.018" tests="6" errors="0" skipped="0" failures="0">
  <properties>
[...]
</properties>
  <testcase name="testSelectionSort" classname="mx.unam.ciencias.edd.test.TestArreglos" time="0.0"/>
  <testcase name="testQuickSortComparator" classname="mx.unam.ciencias.edd.test.TestArreglos" time="0.0"/>
  <testcase name="testSelectionSortComparator" classname="mx.unam.ciencias.edd.test.TestArreglos" time="0.003"/>
  <testcase name="testBusquedaBinaria" classname="mx.unam.ciencias.edd.test.TestArreglos" time="0.003"/>
  <testcase name="testBusquedaBinariaCompartor" classname="mx.unam.ciencias.edd.test.TestArreglos" time="0.001"/>
  <testcase name="testQuickSort" classname="mx.unam.ciencias.edd.test.TestArreglos" time="0.006"/>
</testsuite>